<?xml version="1.0" encoding="UTF-8" ?>
<testsuite tests="5" failures="0" name="calendar.TimeTableTest" time="0" errors="0" skipped="0">
  <properties>
[...]
</properties>
  <testcase classname="calendar.TimeTableTest" name="test01" time="0"/>
  <testcase classname="calendar.TimeTableTest" name="test02" time="0"/>
  <testcase classname="calendar.TimeTableTest" name="test03" time="0"/>
  <testcase classname="calendar.TimeTableTest" name="test04" time="0"/>
  <testcase classname="calendar.TimeTableTest" name="test05" time="0"/>
</testsuite>